Outer split: 1/3
	Parameter : 1/2
	 {'input_size': (300, 100, 100, 1), 'num_conv_nets': 1, 'num_first_filters': 2}
		Inner split: 1/3, 46 sec
		Inner split: 2/3, 34 sec
		Inner split: 3/3, 32 sec
		Mean loss :nan
		Mean Metric:0.6071428656578064
	Parameter : 2/2
	 {'input_size': (300, 100, 100, 1), 'num_conv_nets': 1, 'num_first_filters': 4}
		Inner split: 1/3, 57 sec
		Inner split: 2/3, 52 sec
		Inner split: 3/3, 50 sec
		Mean loss :nan
		Mean Metric:0.3452380994955699
	Training on best prameters
	Loss:nan
	Metric:0.1818181872367859
Outer split: 2/3
	Parameter : 1/2
	 {'input_size': (300, 100, 100, 1), 'num_conv_nets': 1, 'num_first_filters': 2}
		Inner split: 1/3, 28 sec
		Inner split: 2/3, 30 sec
		Inner split: 3/3, 32 sec
		Mean loss :0.7094233830769857
		Mean Metric:0.5019841343164444
	Parameter : 2/2
	 {'input_size': (300, 100, 100, 1), 'num_conv_nets': 1, 'num_first_filters': 4}
		Inner split: 1/3, 46 sec
		Inner split: 2/3, 48 sec
		Inner split: 3/3, 50 sec
		Mean loss :nan
		Mean Metric:0.4186508009831111
	Training on best prameters
	Loss:nan
	Metric:0.27272728085517883
Outer split: 3/3
	Parameter : 1/2
	 {'input_size': (300, 100, 100, 1), 'num_conv_nets': 1, 'num_first_filters': 2}
		Inner split: 1/3, 31 sec
		Inner split: 2/3, 32 sec
		Inner split: 3/3, 31 sec
		Mean loss :nan
		Mean Metric:0.2142857164144516
	Parameter : 2/2
	 {'input_size': (300, 100, 100, 1), 'num_conv_nets': 1, 'num_first_filters': 4}
		Inner split: 1/3, 48 sec
		Inner split: 2/3, 51 sec
		Inner split: 3/3, 52 sec
		Mean loss :nan
		Mean Metric:0.2142857164144516
	Training on best prameters
	Loss:nan
	Metric:0.5
{   'best_params': [   {   'input_size': (300, 100, 100, 1),
                           'num_conv_nets': 1,
                           'num_first_filters': 2},
                       {   'input_size': (300, 100, 100, 1),
                           'num_conv_nets': 1,
                           'num_first_filters': 2},
                       {   'input_size': (300, 100, 100, 1),
                           'num_conv_nets': 1,
                           'num_first_filters': 2}],
    'test_loss': [nan, nan, nan],
    'test_metric': [0.1818181872367859, 0.27272728085517883, 0.5],
    'train_history': [   {   'cv_loss': [   7.67555570602417,
                                            0.68508380651474,
                                            nan],
                             'cv_metric': [0.75, 0.5714285969734192, 0.5],
                             'cv_params': {   'input_size': (300, 100, 100, 1),
                                              'num_conv_nets': 1,
                                              'num_first_filters': 2},
                             'mean_loss': nan,
                             'mean_metric': 0.6071428656578064,
                             'train_best_mean_loss': nan,
                             'train_best_mean_metric': 0.6071428656578064},
                         {   'cv_loss': [nan, nan, nan],
                             'cv_metric': [0.25, 0.2857142984867096, 0.5],
                             'cv_params': {   'input_size': (300, 100, 100, 1),
                                              'num_conv_nets': 1,
                                              'num_first_filters': 4},
                             'mean_loss': nan,
                             'mean_metric': 0.3452380994955699,
                             'train_best_mean_loss': nan,
                             'train_best_mean_metric': 0.6071428656578064},
                         {   'cv_loss': [   0.6790428161621094,
                                            0.6808074116706848,
                                            0.7684199213981628],
                             'cv_metric': [   0.625,
                                              0.7142857313156128,
                                              0.1666666716337204],
                             'cv_params': {   'input_size': (300, 100, 100, 1),
                                              'num_conv_nets': 1,
                                              'num_first_filters': 2},
                             'mean_loss': 0.7094233830769857,
                             'mean_metric': 0.5019841343164444,
                             'train_best_mean_loss': 0.7094233830769857,
                             'train_best_mean_metric': 0.5019841343164444},
                         {   'cv_loss': [   nan,
                                            0.6798946261405945,
                                            0.7642154693603516],
                             'cv_metric': [   0.375,
                                              0.7142857313156128,
                                              0.1666666716337204],
                             'cv_params': {   'input_size': (300, 100, 100, 1),
                                              'num_conv_nets': 1,
                                              'num_first_filters': 4},
                             'mean_loss': nan,
                             'mean_metric': 0.4186508009831111,
                             'train_best_mean_loss': 0.7094233830769857,
                             'train_best_mean_metric': 0.5019841343164444},
                         {   'cv_loss': [nan, nan, nan],
                             'cv_metric': [0.5, 0.0, 0.1428571492433548],
                             'cv_params': {   'input_size': (300, 100, 100, 1),
                                              'num_conv_nets': 1,
                                              'num_first_filters': 2},
                             'mean_loss': nan,
                             'mean_metric': 0.2142857164144516,
                             'train_best_mean_loss': nan,
                             'train_best_mean_metric': 0.2142857164144516},
                         {   'cv_loss': [nan, nan, nan],
                             'cv_metric': [0.5, 0.0, 0.1428571492433548],
                             'cv_params': {   'input_size': (300, 100, 100, 1),
                                              'num_conv_nets': 1,
                                              'num_first_filters': 4},
                             'mean_loss': nan,
                             'mean_metric': 0.2142857164144516,
                             'train_best_mean_loss': nan,
                             'train_best_mean_metric': 0.2142857164144516}]}



Cross-validation scores: [0.18181819 0.27272728 0.5       ]
Min value = 0.18, Max value = 0.50, Mean = 0.32

7/7 [==============================] - 0s 22ms/step

7/7 [==============================] - 0s 22ms/step

7/7 [==============================] - 0s 23ms/step

============== BEST OF ALL =============
{'input_size': (300, 100, 100, 1), 'num_conv_nets': 1, 'num_first_filters': 2}
Best of all loss: nan
Best of all metric: 0.0
========================================

Training on entire training set with best of all parameters
Architecture:
    Input size = (300, 100, 100, 1)    Number of first filters = 2    Number of ConvNets = 1

 Accuracy on test set: 0.625
[[0 3]
 [0 5]]

Accuracy on train set: 0.6
[[ 1 10]
 [ 0 14]]
